2018-09-06 21:07:44,794 [myid:] - INFO  [main:QuorumPeerConfig@101] - Reading configuration from: /opt/modules/zookeeper/bin/../conf/zoo.cfg
2018-09-06 21:07:44,798 [myid:] - INFO  [main:QuorumPeerConfig@334] - Defaulting to majority quorums
2018-09-06 21:07:44,801 [myid:1] - INFO  [main:DatadirCleanupManager@78] - autopurge.snapRetainCount set to 3
2018-09-06 21:07:44,801 [myid:1] - INFO  [main:DatadirCleanupManager@79] - autopurge.purgeInterval set to 0
2018-09-06 21:07:44,801 [myid:1] - INFO  [main:DatadirCleanupManager@101] - Purge task is not scheduled.
2018-09-06 21:07:44,810 [myid:1] - INFO  [main:QuorumPeerMain@132] - Starting quorum peer
2018-09-06 21:07:44,826 [myid:1] - INFO  [main:NIOServerCnxnFactory@94] - binding to port 0.0.0.0/0.0.0.0:2181
2018-09-06 21:07:44,837 [myid:1] - INFO  [main:QuorumPeer@913] - tickTime set to 2000
2018-09-06 21:07:44,838 [myid:1] - INFO  [main:QuorumPeer@933] - minSessionTimeout set to -1
2018-09-06 21:07:44,838 [myid:1] - INFO  [main:QuorumPeer@944] - maxSessionTimeout set to -1
2018-09-06 21:07:44,838 [myid:1] - INFO  [main:QuorumPeer@959] - initLimit set to 10
2018-09-06 21:07:44,894 [myid:1] - INFO  [main:FileSnap@83] - Reading snapshot /data/zookeeper/version-2/snapshot.1a00000006
2018-09-06 21:07:44,929 [myid:1] - INFO  [Thread-1:QuorumCnxManager$Listener@486] - My election bind port: 0.0.0.0/0.0.0.0:3888
2018-09-06 21:07:44,935 [myid:1] - INFO  [QuorumPeer[myid=1]/0:0:0:0:0:0:0:0:2181:QuorumPeer@670] - LOOKING
2018-09-06 21:07:44,936 [myid:1] - INFO  [QuorumPeer[myid=1]/0:0:0:0:0:0:0:0:2181:FastLeaderElection@740] - New election. My id =  1, proposed zxid=0x1a00000006
2018-09-06 21:07:44,942 [myid:1] - INFO  [WorkerReceiver[myid=1]:FastLeaderElection@542] - Notification: 1 (n.leader), 0x1a00000006 (n.zxid), 0x1 (n.round), LOOKING (n.state), 1 (n.sid), 0x1a (n.peerEPoch), LOOKING (my state)
2018-09-06 21:07:44,945 [myid:1] - INFO  [WorkerSender[myid=1]:QuorumCnxManager@190] - Have smaller server identifier, so dropping the connection: (2, 1)
2018-09-06 21:07:44,946 [myid:1] - INFO  [bigdata-pro01.kfk.com/192.168.43.101:3888:QuorumCnxManager$Listener@493] - Received connection request /192.168.43.102:59666
2018-09-06 21:07:44,947 [myid:1] - WARN  [WorkerSender[myid=1]:QuorumCnxManager@368] - Cannot open channel to 3 at election address bigdata-pro03.kfk.com/192.168.43.103:3888
java.net.ConnectException: Connection refused
	at java.net.PlainSocketImpl.socketConnect(Native Method)
	at java.net.AbstractPlainSocketImpl.doConnect(AbstractPlainSocketImpl.java:339)
	at java.net.AbstractPlainSocketImpl.connectToAddress(AbstractPlainSocketImpl.java:200)
	at java.net.AbstractPlainSocketImpl.connect(AbstractPlainSocketImpl.java:182)
	at java.net.SocksSocketImpl.connect(SocksSocketImpl.java:392)
	at java.net.Socket.connect(Socket.java:579)
	at org.apache.zookeeper.server.quorum.QuorumCnxManager.connectOne(QuorumCnxManager.java:354)
	at org.apache.zookeeper.server.quorum.QuorumCnxManager.toSend(QuorumCnxManager.java:327)
	at org.apache.zookeeper.server.quorum.FastLeaderElection$Messenger$WorkerSender.process(FastLeaderElection.java:393)
	at org.apache.zookeeper.server.quorum.FastLeaderElection$Messenger$WorkerSender.run(FastLeaderElection.java:365)
	at java.lang.Thread.run(Thread.java:745)
2018-09-06 21:07:44,957 [myid:1] - INFO  [WorkerReceiver[myid=1]:FastLeaderElection@542] - Notification: 2 (n.leader), 0x1a00000006 (n.zxid), 0x1 (n.round), LOOKING (n.state), 2 (n.sid), 0x1a (n.peerEPoch), LOOKING (my state)
2018-09-06 21:07:44,958 [myid:1] - WARN  [WorkerSender[myid=1]:QuorumCnxManager@368] - Cannot open channel to 3 at election address bigdata-pro03.kfk.com/192.168.43.103:3888
java.net.ConnectException: Connection refused
	at java.net.PlainSocketImpl.socketConnect(Native Method)
	at java.net.AbstractPlainSocketImpl.doConnect(AbstractPlainSocketImpl.java:339)
	at java.net.AbstractPlainSocketImpl.connectToAddress(AbstractPlainSocketImpl.java:200)
	at java.net.AbstractPlainSocketImpl.connect(AbstractPlainSocketImpl.java:182)
	at java.net.SocksSocketImpl.connect(SocksSocketImpl.java:392)
	at java.net.Socket.connect(Socket.java:579)
	at org.apache.zookeeper.server.quorum.QuorumCnxManager.connectOne(QuorumCnxManager.java:354)
	at org.apache.zookeeper.server.quorum.QuorumCnxManager.toSend(QuorumCnxManager.java:327)
	at org.apache.zookeeper.server.quorum.FastLeaderElection$Messenger$WorkerSender.process(FastLeaderElection.java:393)
	at org.apache.zookeeper.server.quorum.FastLeaderElection$Messenger$WorkerSender.run(FastLeaderElection.java:365)
	at java.lang.Thread.run(Thread.java:745)
2018-09-06 21:07:44,958 [myid:1] - INFO  [WorkerReceiver[myid=1]:FastLeaderElection@542] - Notification: 2 (n.leader), 0x1a00000006 (n.zxid), 0x1 (n.round), LOOKING (n.state), 1 (n.sid), 0x1a (n.peerEPoch), LOOKING (my state)
2018-09-06 21:07:45,160 [myid:1] - INFO  [QuorumPeer[myid=1]/0:0:0:0:0:0:0:0:2181:QuorumPeer@738] - FOLLOWING
2018-09-06 21:07:45,170 [myid:1] - INFO  [QuorumPeer[myid=1]/0:0:0:0:0:0:0:0:2181:Learner@85] - TCP NoDelay set to: true
2018-09-06 21:07:45,181 [myid:1] - INFO  [QuorumPeer[myid=1]/0:0:0:0:0:0:0:0:2181:Environment@100] - Server environment:zookeeper.version=3.4.5-cdh5.3.6--1, built on 07/28/2015 22:11 GMT
2018-09-06 21:07:45,181 [myid:1] - INFO  [QuorumPeer[myid=1]/0:0:0:0:0:0:0:0:2181:Environment@100] - Server environment:host.name=bigdata-pro01.kfk.com
2018-09-06 21:07:45,181 [myid:1] - INFO  [QuorumPeer[myid=1]/0:0:0:0:0:0:0:0:2181:Environment@100] - Server environment:java.version=1.7.0_79
2018-09-06 21:07:45,181 [myid:1] - INFO  [QuorumPeer[myid=1]/0:0:0:0:0:0:0:0:2181:Environment@100] - Server environment:java.vendor=Oracle Corporation
2018-09-06 21:07:45,182 [myid:1] - INFO  [QuorumPeer[myid=1]/0:0:0:0:0:0:0:0:2181:Environment@100] - Server environment:java.home=/opt/modules/jdk7/jre
2018-09-06 21:07:45,182 [myid:1] - INFO  [QuorumPeer[myid=1]/0:0:0:0:0:0:0:0:2181:Environment@100] - Server environment:java.class.path=/opt/modules/zookeeper/bin/../build/classes:/opt/modules/zookeeper/bin/../build/lib/*.jar:/opt/modules/zookeeper/bin/../share/zookeeper/zookeeper-3.4.5-cdh5.3.6.jar:/opt/modules/zookeeper/bin/../share/zookeeper/slf4j-log4j12-1.7.5.jar:/opt/modules/zookeeper/bin/../share/zookeeper/slf4j-api-1.7.5.jar:/opt/modules/zookeeper/bin/../share/zookeeper/netty-3.2.2.Final.jar:/opt/modules/zookeeper/bin/../share/zookeeper/log4j-1.2.16.jar:/opt/modules/zookeeper/bin/../share/zookeeper/jline-0.9.94.jar:/opt/modules/zookeeper/bin/../src/java/lib/*.jar:/opt/modules/zookeeper/bin/../conf:
2018-09-06 21:07:45,182 [myid:1] - INFO  [QuorumPeer[myid=1]/0:0:0:0:0:0:0:0:2181:Environment@100] - Server environment:java.library.path=/usr/java/packages/lib/amd64:/usr/lib64:/lib64:/lib:/usr/lib
2018-09-06 21:07:45,182 [myid:1] - INFO  [QuorumPeer[myid=1]/0:0:0:0:0:0:0:0:2181:Environment@100] - Server environment:java.io.tmpdir=/tmp
2018-09-06 21:07:45,182 [myid:1] - INFO  [QuorumPeer[myid=1]/0:0:0:0:0:0:0:0:2181:Environment@100] - Server environment:java.compiler=<NA>
2018-09-06 21:07:45,183 [myid:1] - INFO  [QuorumPeer[myid=1]/0:0:0:0:0:0:0:0:2181:Environment@100] - Server environment:os.name=Linux
2018-09-06 21:07:45,183 [myid:1] - INFO  [QuorumPeer[myid=1]/0:0:0:0:0:0:0:0:2181:Environment@100] - Server environment:os.arch=amd64
2018-09-06 21:07:45,183 [myid:1] - INFO  [QuorumPeer[myid=1]/0:0:0:0:0:0:0:0:2181:Environment@100] - Server environment:os.version=3.10.0-862.2.3.el7.x86_64
2018-09-06 21:07:45,183 [myid:1] - INFO  [QuorumPeer[myid=1]/0:0:0:0:0:0:0:0:2181:Environment@100] - Server environment:user.name=kfk
2018-09-06 21:07:45,183 [myid:1] - INFO  [QuorumPeer[myid=1]/0:0:0:0:0:0:0:0:2181:Environment@100] - Server environment:user.home=/home/kfk
2018-09-06 21:07:45,183 [myid:1] - INFO  [QuorumPeer[myid=1]/0:0:0:0:0:0:0:0:2181:Environment@100] - Server environment:user.dir=/
2018-09-06 21:07:45,185 [myid:1] - INFO  [QuorumPeer[myid=1]/0:0:0:0:0:0:0:0:2181:ZooKeeperServer@162] - Created server with tickTime 2000 minSessionTimeout 4000 maxSessionTimeout 40000 datadir /data/zookeeper/version-2 snapdir /data/zookeeper/version-2
2018-09-06 21:07:45,186 [myid:1] - INFO  [QuorumPeer[myid=1]/0:0:0:0:0:0:0:0:2181:Follower@63] - FOLLOWING - LEADER ELECTION TOOK - 250
2018-09-06 21:07:45,268 [myid:1] - INFO  [QuorumPeer[myid=1]/0:0:0:0:0:0:0:0:2181:Learner@325] - Getting a snapshot from leader
2018-09-06 21:07:45,278 [myid:1] - INFO  [QuorumPeer[myid=1]/0:0:0:0:0:0:0:0:2181:FileTxnSnapLog@273] - Snapshotting: 0x1a00000006 to /data/zookeeper/version-2/snapshot.1a00000006
2018-09-06 21:46:32,922 [myid:1] - INFO  [bigdata-pro01.kfk.com/192.168.43.101:3888:QuorumCnxManager$Listener@493] - Received connection request /192.168.43.103:34786
2018-09-06 21:46:32,924 [myid:1] - INFO  [WorkerReceiver[myid=1]:FastLeaderElection@542] - Notification: 3 (n.leader), 0x1a00000006 (n.zxid), 0x1 (n.round), LOOKING (n.state), 3 (n.sid), 0x1a (n.peerEPoch), FOLLOWING (my state)
